<?xml version="1.0" encoding="UTF-8"?>
<!-- Generated by org.testng.reporters.JUnitXMLReporter -->
<testsuite ignored="6" hostname="IMPETUS-NL235" failures="1" tests="6" name="Regression" time="0.182" errors="0" timestamp="2021-07-19T07:41:55 IST">
  <testcase classname="TestNGTutorial.Class1" name="webLoginPersonalLoan" time="0.0">
    <failure type="org.testng.TestNGException" message="
Parameter &amp;apos;url&amp;apos; is required by @Test on method webLoginPersonalLoan but has not been marked @Optional or defined
in D:\Selenium Learning\Selenium\testng3.xml">
      <![CDATA[org.testng.TestNGException: 
Parameter 'url' is required by @Test on method webLoginPersonalLoan but has not been marked @Optional or defined
in D:\Selenium Learning\Selenium\testng3.xml
at java.base/java.util.ArrayList.forEach(ArrayList.java:1511)
... Removed 26 stack frames]]>
    </failure>
  </testcase> <!-- webLoginPersonalLoan -->
  <testcase classname="TestNGTutorial.Class2" name="webLoginPersonalLoanMod1" time="0.017"/>
  <testcase classname="TestNGTutorial.Class3" name="mobileLoginCarLoan" time="0.004"/>
  <testcase classname="TestNGTutorial.Class3" name="mobileLoginCarLoan" time="0.003"/>
  <testcase classname="TestNGTutorial.Class3" name="mobileLoginCarLoan" time="0.004"/>
  <testcase classname="TestNGTutorial.Class4" name="webLoginHomeLoan" time="0.004"/>
  <testcase classname="TestNGTutorial.Class4" name="mobileLoginHomeLoan" time="0.0">
    <ignored/>
  </testcase> <!-- mobileLoginHomeLoan -->
  <testcase classname="TestNGTutorial.Class3" name="apiLoginCarLoan" time="0.0">
    <ignored/>
  </testcase> <!-- apiLoginCarLoan -->
  <testcase classname="TestNGTutorial.Class1" name="mobileLoginPersonalLoan" time="0.0">
    <ignored/>
  </testcase> <!-- mobileLoginPersonalLoan -->
  <testcase classname="TestNGTutorial.Class2" name="mobileLoginPersonalLoanMod1" time="0.0">
    <ignored/>
  </testcase> <!-- mobileLoginPersonalLoanMod1 -->
  <testcase classname="TestNGTutorial.Class3" name="webLoginCarLoan" time="0.0">
    <ignored/>
  </testcase> <!-- webLoginCarLoan -->
  <testcase classname="TestNGTutorial.Class4" name="apiLoginHomeLoan" time="0.0">
    <ignored/>
  </testcase> <!-- apiLoginHomeLoan -->
</testsuite> <!-- Regression -->
