<html>
<head>
<title>TestNG:  Regression</title>
<link href="../testng.css" rel="stylesheet" type="text/css" />
<link href="../my-testng.css" rel="stylesheet" type="text/css" />

<style type="text/css">
.log { display: none;} 
.stack-trace { display: none;} 
</style>
<script type="text/javascript">
<!--
function flip(e) {
  current = e.style.display;
  if (current == 'block') {
    e.style.display = 'none';
    return 0;
  }
  else {
    e.style.display = 'block';
    return 1;
  }
}

function toggleBox(szDivId, elem, msg1, msg2)
{
  var res = -1;  if (document.getElementById) {
    res = flip(document.getElementById(szDivId));
  }
  else if (document.all) {
    // this is the way old msie versions work
    res = flip(document.all[szDivId]);
  }
  if(elem) {
    if(res == 0) elem.innerHTML = msg1; else elem.innerHTML = msg2;
  }

}

function toggleAllBoxes() {
  if (document.getElementsByTagName) {
    d = document.getElementsByTagName('div');
    for (i = 0; i < d.length; i++) {
      if (d[i].className == 'log') {
        flip(d[i]);
      }
    }
  }
}

// -->
</script>

</head>
<body>
<h2 align='center'>Regression</h2><table border='1' align="center">
<tr>
<td>Tests passed/Failed/Skipped:</td><td>5/1/0</td>
</tr><tr>
<td>Started on:</td><td>Mon Jul 19 11:49:36 IST 2021</td>
</tr>
<tr><td>Total time:</td><td>0 seconds (257 ms)</td>
</tr><tr>
<td>Included groups:</td><td>smoke </td>
</tr><tr>
<td>Excluded groups:</td><td></td>
</tr>
</table><p/>
<small><i>(Hover the method name to see the test class name)</i></small><p/>
<table width='100%' border='1' class='invocation-failed'>
<tr><td colspan='4' align='center'><b>FAILED TESTS</b></td></tr>
<tr><td><b>Test method</b></td>
<td width="30%"><b>Exception</b></td>
<td width="10%"><b>Time (seconds)</b></td>
<td><b>Instance</b></td>
</tr>
<tr>
<td title='TestNGTutorial.Class1.webLoginPersonalLoan()'><b>webLoginPersonalLoan</b><br>Test class: TestNGTutorial.Class1</td>
<td><div><pre>org.testng.TestNGException: 
Parameter &apos;url&apos; is required by @Test on method webLoginPersonalLoan but has not been marked @Optional or defined
in D:\Selenium Learning\Selenium\testng3.xml
	at java.util.ArrayList.forEach(ArrayList.java:1257)
... Removed 30 stack frames</pre></div><a href='#' onClick='toggleBox("stack-trace84739718", this, "Click to show all stack frames", "Click to hide stack frames")'>Click to show all stack frames</a>
<div class='stack-trace' id='stack-trace84739718'><pre>org.testng.TestNGException: 
Parameter &apos;url&apos; is required by @Test on method webLoginPersonalLoan but has not been marked @Optional or defined
in D:\Selenium Learning\Selenium\testng3.xml
	at org.testng.internal.Parameters.createParams(Parameters.java:270)
	at org.testng.internal.Parameters.createParametersForMethod(Parameters.java:358)
	at org.testng.internal.Parameters.createParameters(Parameters.java:700)
	at org.testng.internal.Parameters.handleParameters(Parameters.java:884)
	at org.testng.internal.Parameters.handleParameters(Parameters.java:740)
	at org.testng.internal.ParameterHandler.handleParameters(ParameterHandler.java:59)
	at org.testng.internal.ParameterHandler.createParameters(ParameterHandler.java:38)
	at org.testng.internal.TestInvoker$MethodInvocationAgent.invoke(TestInvoker.java:791)
	at org.testng.internal.TestInvoker.invokeTestMethods(TestInvoker.java:146)
	at org.testng.internal.TestMethodWorker.invokeTestMethods(TestMethodWorker.java:146)
	at org.testng.internal.TestMethodWorker.run(TestMethodWorker.java:128)
	at java.util.ArrayList.forEach(ArrayList.java:1257)
	at org.testng.TestRunner.privateRun(TestRunner.java:794)
	at org.testng.TestRunner.run(TestRunner.java:596)
	at org.testng.SuiteRunner.runTest(SuiteRunner.java:377)
	at org.testng.SuiteRunner.runSequentially(SuiteRunner.java:371)
	at org.testng.SuiteRunner.privateRun(SuiteRunner.java:332)
	at org.testng.SuiteRunner.run(SuiteRunner.java:276)
	at org.testng.SuiteRunnerWorker.runSuite(SuiteRunnerWorker.java:53)
	at org.testng.SuiteRunnerWorker.run(SuiteRunnerWorker.java:96)
	at org.testng.TestNG.runSuitesSequentially(TestNG.java:1212)
	at org.testng.TestNG.runSuitesLocally(TestNG.java:1134)
	at org.testng.TestNG.runSuites(TestNG.java:1063)
	at org.testng.TestNG.run(TestNG.java:1031)
	at org.apache.maven.surefire.testng.TestNGExecutor.run(TestNGExecutor.java:284)
	at org.apache.maven.surefire.testng.TestNGXmlTestSuite.execute(TestNGXmlTestSuite.java:75)
	at org.apache.maven.surefire.testng.TestNGProvider.invoke(TestNGProvider.java:119)
	at org.apache.maven.surefire.booter.ForkedBooter.runSuitesInProcess(ForkedBooter.java:428)
	at org.apache.maven.surefire.booter.ForkedBooter.execute(ForkedBooter.java:162)
	at org.apache.maven.surefire.booter.ForkedBooter.run(ForkedBooter.java:562)
	at org.apache.maven.surefire.booter.ForkedBooter.main(ForkedBooter.java:548)
</pre></div></td>
<td>0</td>
<td>TestNGTutorial.Class1@49fc609f</td></tr>
</table><p>
<table width='100%' border='1' class='invocation-passed'>
<tr><td colspan='4' align='center'><b>PASSED TESTS</b></td></tr>
<tr><td><b>Test method</b></td>
<td width="30%"><b>Exception</b></td>
<td width="10%"><b>Time (seconds)</b></td>
<td><b>Instance</b></td>
</tr>
<tr>
<td title='TestNGTutorial.Class3.mobileLoginCarLoan()'><b>mobileLoginCarLoan</b><br>Test class: TestNGTutorial.Class3<br>Parameters: firstusername, firstpassword</td>
<td></td>
<td>0</td>
<td>TestNGTutorial.Class3@68bbe345</td></tr>
<tr>
<td title='TestNGTutorial.Class3.mobileLoginCarLoan()'><b>mobileLoginCarLoan</b><br>Test class: TestNGTutorial.Class3<br>Parameters: secondusername, secondpassword</td>
<td></td>
<td>0</td>
<td>TestNGTutorial.Class3@68bbe345</td></tr>
<tr>
<td title='TestNGTutorial.Class2.webLoginPersonalLoanMod1()'><b>webLoginPersonalLoanMod1</b><br>Test class: TestNGTutorial.Class2</td>
<td></td>
<td>0</td>
<td>TestNGTutorial.Class2@a7e666</td></tr>
<tr>
<td title='TestNGTutorial.Class4.webLoginHomeLoan()'><b>webLoginHomeLoan</b><br>Test class: TestNGTutorial.Class4</td>
<td></td>
<td>0</td>
<td>TestNGTutorial.Class4@7494e528</td></tr>
<tr>
<td title='TestNGTutorial.Class3.mobileLoginCarLoan()'><b>mobileLoginCarLoan</b><br>Test class: TestNGTutorial.Class3<br>Parameters: thirdusername, thirdpassword</td>
<td></td>
<td>0</td>
<td>TestNGTutorial.Class3@68bbe345</td></tr>
</table><p>
</body>
</html>